New log file opened at Tue Jul 07 23:02:31 CEST 2015 by 23894@piotrek-desktop
Taking next connection to: 53346
New client attempting to connect on port: 37628-53346
  Address = /127.0.1.1:53346
This client on port 37628 has uuid 37db551b-18d1-4af1-90b2-b56f3953f236 configName activator humanReadableName Activator protocolVersion 3 featureTags Vector()
Connected Clients: activator-37db551b-18d1-4af1-90b2-b56f3953f236
Taking next connection to: 53346
New client attempting to connect on port: 37629-53346
  Address = /127.0.1.1:53346
Handshake exception on socket: 37629
sbt.impl.ipc.HandshakeException: Unable to perform handshake
	at sbt.impl.ipc.Peer.handshake(IPC.scala:46)
	at sbt.impl.ipc.MultiClientServer.<init>(IPC.scala:150)
	at sbt.server.SbtServerSocketHandler$$anon$1.run(SbtServerSocketHandler.scala:43)
Caused by: java.io.EOFException
	at java.io.DataInputStream.readInt(DataInputStream.java:392)
	at sbt.impl.ipc.Peer.receive(IPC.scala:95)
	at sbt.impl.ipc.Peer.handshake(IPC.scala:49)
	... 2 more
Taking next connection to: 53346
New client attempting to connect on port: 37630-53346
  Address = /127.0.1.1:53346
This client on port 37630 has uuid 3e4b0e10-2043-4d5e-9143-bbdad90a4423 configName activator humanReadableName Activator protocolVersion 3 featureTags Vector()
Connected Clients: activator-37db551b-18d1-4af1-90b2-b56f3953f236, activator-3e4b0e10-2043-4d5e-9143-bbdad90a4423
Taking next connection to: 53346
Checking to see if clients are empty...
We have 1 non-daemon clients, continuing serving connections.
Taking next connection to: 53346
Checking to see if clients are empty...
We have 1 non-daemon clients, continuing serving connections.
Taking next connection to: 53346
Checking to see if clients are empty...
We have 1 non-daemon clients, continuing serving connections.
Taking next connection to: 53346
